<?xml version="1.0" encoding="UTF-8"?>
<!-- Generated by org.testng.reporters.JUnitXMLReporter -->
<testsuite ignored="0" hostname="BT1000098734" failures="0" tests="7" name="Default test" time="28.168" errors="0" timestamp="2024-01-24T04:11:26 IST">
  <testcase classname="com.harshitJava.SeleniumAutomationStepByStep.App" name="setAndLaunch" time="6.887"/>
  <testcase classname="com.harshitJava.SeleniumAutomationStepByStep.App" name="selectLocation" time="1.378"/>
  <testcase classname="com.harshitJava.SeleniumAutomationStepByStep.App" name="selectFrom" time="3.752"/>
  <testcase classname="com.harshitJava.SeleniumAutomationStepByStep.App" name="selectDestination" time="3.669"/>
  <testcase classname="com.harshitJava.SeleniumAutomationStepByStep.App" name="selectDate" time="4.482"/>
  <testcase classname="com.harshitJava.SeleniumAutomationStepByStep.App" name="selectClass" time="2.603"/>
  <testcase classname="com.harshitJava.SeleniumAutomationStepByStep.App" name="search" time="5.321"/>
</testsuite> <!-- Default test -->
